Run 1:  Fri Apr 20 22:56:17 2018.  SL287748.103150.
        Em version 15.53-Lite (32-bit Windows) on ANTHONYBUGA3AE4 local.

  Project:  \\Mac\Home\Desktop\School\Spring 2018\Microwave Engineering\Labs\Wilkinson\wilkinson.son.

    Frequency:  1.2 GHZ
      Subsectioning at 3.6 GHz with Eeff of 2.7.
      Subsectioning time:  0.015 seconds.
      De-embedding information for top box wall port(s):
        Top SOC Electric Wall: 15 mm length, 208 subsections, 2 MB.
        Top SOC Magnetic Wall: 30 mm length, 198 subsections, 2 MB.
      De-embedding information for bottom box wall port(s):
        Bottom SOC Electric Wall: 15 mm length, 104 subsections, 2 MB.
        Bottom SOC Magnetic Wall: 30 mm length, 99 subsections, 2 MB.
      De-embedding information for component R1:
        Main Std: X=30 mm Y=30 mm box size, 293 subsections, 2 MB.
      Em license feature:  emlite.
      Circuit requires 1255 subsections and 13 MB of memory.

      Subsections by level and type:
      Level 0:
        Staircase:  1,255

      Required memory by type:
        System matrix:            12 MB
        Elemental subsections:
          Primary structure:      0 MB
          Top standard:           0 MB
          Bottom standard:        0 MB
          CciR1 standard:         0 MB
        Fourier transform:        0 MB
        Waveguide mode:           0 MB
        Adaptive band synthesis:  2 MB
        Miscellaneous:            1 MB
        TOTAL REQUIRED MEMORY:    16 MB

      Matrix solver:  internal 32-bit SSE with loss.
      Simulation mode:  local machine.
      Threads:  using 1 thread(s), 2 core(s) available.
      Waveguide mode time:  0.016 seconds.
      Fourier transform time:  0.029 seconds.
      Coupling time:  0.174 seconds.
      Loss time:  0 seconds.
      Matrix fill time:  0.219 seconds.
      Matrix solve time:  1 second.
      De-embedding time for top box wall:
        SOC Electric Wall Std: 0.062 seconds.
        SOC Magnetic Wall Std: 0.047 seconds.
        Total:                 0.109 seconds.
      De-embedding time for bottom box wall:
        SOC Electric Wall Std: 0.031 seconds.
        SOC Magnetic Wall Std: 0.032 seconds.
        Total:                 0.063 seconds.
      De-embedding time for component R1:
        Total: 0.203 seconds.
      Total time per frequency:  1 second.

    Frequency:  3.6 GHZ
      ABS time:  0.204 seconds.

    Frequency:  2.07 GHZ
      ABS time:  0.219 seconds.

    Frequency:  2.98 GHZ
      ABS time:  0.250 seconds.

    Frequency:  1.59 GHZ
      ABS time:  0.266 seconds.

    Frequency:  3.35 GHZ
      ABS time:  0.313 seconds.

    Post-Analysis:
      Total time for 6 frequencies:  11 seconds.

Analysis completed Fri Apr 20 22:56:29 2018.


Run 2:  Fri Apr 27 21:14:42 2018.  SL287748.103150.
        Em version 15.53-Lite (32-bit Windows) on ANTHONYBUGA3AE4 local.

  Project:  \\Mac\Home\Desktop\School\Spring 2018\Microwave Engineering\Labs\Wilkinson\wilkinson.son.

    Post-Analysis:
      Total time for 0 frequencies:  0 seconds.

Analysis completed Fri Apr 27 21:14:42 2018.
